<?xml version="1.0" encoding="UTF-8"?>
<testsuite xmlns:xsi="http://www.w3.org/2001/XMLSchema-instance" xsi:noNamespaceSchemaLocation="https://maven.apache.org/surefire/maven-surefire-plugin/xsd/surefire-test-report-3.0.xsd" version="3.0" name="TestSuite" time="53.023" tests="5" errors="0" skipped="0" failures="0">
  <properties>
[...]
</properties>
  <testcase name="login[akselaymar@gmail.com, Amchiche5, successful](1)" classname="tests.LoginTest" time="5.228">
    <system-err><![CDATA[SLF4J: Failed to load class "org.slf4j.impl.StaticLoggerBinder".
SLF4J: Defaulting to no-operation (NOP) logger implementation
SLF4J: See http://www.slf4j.org/codes.html#StaticLoggerBinder for further details.
Starting ChromeDriver 109.0.5414.74 (e7c5703604daa9cc128ccf5a5d3e993513758913-refs/branch-heads/5414@{#1172}) on port 33061
Only local connections are allowed.
Please see https://chromedriver.chromium.org/security-considerations for suggestions on keeping ChromeDriver safe.
ChromeDriver was started successfully.
[1677090326.764][WARNING]: This version of ChromeDriver has not been tested with Chrome version 110.
Feb 22, 2023 1:25:27 PM org.openqa.selenium.remote.ProtocolHandshake createSession
INFO: Detected dialect: W3C
]]></system-err>
  </testcase>
  <testcase name="login[aksel@gmail.com, amchiche, failure](2)" classname="tests.LoginTest" time="13.67">
    <system-err><![CDATA[Starting ChromeDriver 109.0.5414.74 (e7c5703604daa9cc128ccf5a5d3e993513758913-refs/branch-heads/5414@{#1172}) on port 21564
Only local connections are allowed.
Please see https://chromedriver.chromium.org/security-considerations for suggestions on keeping ChromeDriver safe.
ChromeDriver was started successfully.
[1677090344.815][WARNING]: This version of ChromeDriver has not been tested with Chrome version 110.
Feb 22, 2023 1:25:45 PM org.openqa.selenium.remote.ProtocolHandshake createSession
INFO: Detected dialect: W3C
]]></system-err>
  </testcase>
  <testcase name="testTwo" classname="tests.TestTwo" time="0.009">
    <system-out><![CDATA[Inside testTwo
]]></system-out>
  </testcase>
  <testcase name="TestThree" classname="tests.TestThree" time="0.011">
    <system-out><![CDATA[testThree
]]></system-out>
  </testcase>
  <testcase name="TestFour" classname="tests.TestFour" time="0.027">
    <system-out><![CDATA[Test four
]]></system-out>
  </testcase>
</testsuite>