<?xml version="1.0" encoding="UTF-8"?>
<!-- Generated by org.testng.reporters.JUnitXMLReporter -->
<testsuite ignored="0" hostname="DESKTOP-N16SQJ3" failures="0" tests="5" name="practice test" time="50.45" errors="0" timestamp="22 Feb 2023 18:26:09 GMT">
  <testcase classname="tests.LoginTest" name="login" time="5.403"/>
  <testcase classname="tests.LoginTest" name="login" time="13.673"/>
  <testcase classname="tests.TestTwo" name="testTwo" time="0.001"/>
  <testcase classname="tests.TestThree" name="TestThree" time="0.001"/>
  <testcase classname="tests.TestFour" name="TestFour" time="0.001"/>
</testsuite> <!-- practice test -->
