<?xml version="1.0" encoding="UTF-8"?>
<testng-results ignored="0" total="5" passed="5" failed="0" skipped="0">
  <reporter-output>
  </reporter-output>
  <suite started-at="2023-02-22T18:25:18Z" name="Suite" finished-at="2023-02-22T18:26:09Z" duration-ms="50450">
    <groups>
    </groups>
    <test started-at="2023-02-22T18:25:18Z" name="practice test" finished-at="2023-02-22T18:26:09Z" duration-ms="50450">
      <class name="tests.LoginTest">
        <test-method is-config="true" signature="openApplication()[pri:0, instance:tests.LoginTest@6aaceffd]" started-at="2023-02-22T18:25:18Z" name="openApplication" finished-at="2023-02-22T18:25:35Z" duration-ms="16329" status="PASS">
          <reporter-output>
          </reporter-output>
        </test-method> <!-- openApplication -->
        <test-method signature="login(java.lang.String, java.lang.String, java.lang.String)[pri:0, instance:tests.LoginTest@6aaceffd]" started-at="2023-02-22T18:25:35Z" name="login" data-provider="getLoginData" finished-at="2023-02-22T18:25:40Z" duration-ms="5403" status="PASS">
          <params>
            <param index="0">
              <value>
                <![CDATA[akselaymar@gmail.com]]>
              </value>
            </param>
            <param index="1">
              <value>
                <![CDATA[Amchiche5]]>
              </value>
            </param>
            <param index="2">
              <value>
                <![CDATA[successful]]>
              </value>
            </param>
          </params>
          <reporter-output>
          </reporter-output>
        </test-method> <!-- login -->
        <test-method is-config="true" signature="tearDown()[pri:0, instance:tests.LoginTest@6aaceffd]" started-at="2023-02-22T18:25:40Z" name="tearDown" finished-at="2023-02-22T18:25:41Z" duration-ms="554" status="PASS">
          <reporter-output>
          </reporter-output>
        </test-method> <!-- tearDown -->
        <test-method is-config="true" signature="openApplication()[pri:0, instance:tests.LoginTest@6aaceffd]" started-at="2023-02-22T18:25:41Z" name="openApplication" finished-at="2023-02-22T18:25:54Z" duration-ms="13653" status="PASS">
          <reporter-output>
          </reporter-output>
        </test-method> <!-- openApplication -->
        <test-method signature="login(java.lang.String, java.lang.String, java.lang.String)[pri:0, instance:tests.LoginTest@6aaceffd]" started-at="2023-02-22T18:25:54Z" name="login" data-provider="getLoginData" finished-at="2023-02-22T18:26:08Z" duration-ms="13673" status="PASS">
          <params>
            <param index="0">
              <value>
                <![CDATA[aksel@gmail.com]]>
              </value>
            </param>
            <param index="1">
              <value>
                <![CDATA[amchiche]]>
              </value>
            </param>
            <param index="2">
              <value>
                <![CDATA[failure]]>
              </value>
            </param>
          </params>
          <reporter-output>
          </reporter-output>
        </test-method> <!-- login -->
        <test-method is-config="true" signature="tearDown()[pri:0, instance:tests.LoginTest@6aaceffd]" started-at="2023-02-22T18:26:08Z" name="tearDown" finished-at="2023-02-22T18:26:09Z" duration-ms="714" status="PASS">
          <reporter-output>
          </reporter-output>
        </test-method> <!-- tearDown -->
      </class> <!-- tests.LoginTest -->
      <class name="tests.TestTwo">
        <test-method signature="testTwo()[pri:0, instance:tests.TestTwo@c86b9e3]" started-at="2023-02-22T18:26:09Z" name="testTwo" finished-at="2023-02-22T18:26:09Z" duration-ms="1" status="PASS">
          <reporter-output>
          </reporter-output>
        </test-method> <!-- testTwo -->
      </class> <!-- tests.TestTwo -->
      <class name="tests.TestFour">
        <test-method signature="TestFour()[pri:0, instance:tests.TestFour@3af9c5b7]" started-at="2023-02-22T18:26:09Z" name="TestFour" finished-at="2023-02-22T18:26:09Z" duration-ms="1" status="PASS">
          <reporter-output>
          </reporter-output>
        </test-method> <!-- TestFour -->
      </class> <!-- tests.TestFour -->
      <class name="tests.TestThree">
        <test-method signature="TestThree()[pri:0, instance:tests.TestThree@10aa41f2]" started-at="2023-02-22T18:26:09Z" name="TestThree" finished-at="2023-02-22T18:26:09Z" duration-ms="1" status="PASS">
          <reporter-output>
          </reporter-output>
        </test-method> <!-- TestThree -->
      </class> <!-- tests.TestThree -->
    </test> <!-- practice test -->
  </suite> <!-- Suite -->
</testng-results>
